0 silly argv {
0 silly argv   _: [ 'version' ],
0 silly argv   lernaVersion: '7.1.5',
0 silly argv   '$0': '/Users/mmt8719/codebase/personal/getting-started-example/node_modules/.bin/lerna'
0 silly argv }
1 notice cli v7.1.5
2 verbose packageConfigs Resolving packages based on package.json "workspaces" configuration.
3 verbose rootPath /Users/mmt8719/codebase/personal/getting-started-example
4 info current version 0.0.0
5 silly isAnythingCommitted
6 verbose isAnythingCommitted 1
7 silly getCurrentBranch
8 verbose currentBranch main
9 silly remoteBranchExists
10 silly isBehindUpstream
11 silly isBehindUpstream main is behind origin/main by 0 commit(s) and ahead by 1
12 silly hasTags
13 verbose hasTags true
14 silly git-describe.sync "f814848" => {"refCount":"15","sha":"f814848","isDirty":false}
15 info Assuming all packages changed
16 verbose updated footer
17 verbose updated header
18 verbose updated remixapp
19 verbose git-describe undefined => "f814848"
20 silly git-describe parsed => {"refCount":"15","sha":"f814848","isDirty":false}
21 info execute Skipping releases
22 silly lifecycle No script for "preversion" in "root", continuing
23 silly lifecycle No script for "preversion" in "footer", continuing
24 silly lifecycle No script for "preversion" in "header", continuing
25 silly lifecycle No script for "version" in "footer", continuing
26 silly lifecycle No script for "version" in "header", continuing
27 silly lifecycle No script for "preversion" in "remixapp", continuing
28 silly lifecycle No script for "version" in "remixapp", continuing
29 verbose version Updating root package-lock.json
30 silly lifecycle No script for "version" in "root", continuing
31 silly gitAdd [
31 silly gitAdd   'packages/footer/package.json',
31 silly gitAdd   'packages/footer/package-lock.json',
31 silly gitAdd   'packages/header/package.json',
31 silly gitAdd   'packages/header/package-lock.json',
31 silly gitAdd   'packages/remixapp/package.json',
31 silly gitAdd   'packages/remixapp/package-lock.json',
31 silly gitAdd   'lerna.json',
31 silly gitAdd   'package-lock.json'
31 silly gitAdd ]
32 silly gitCommit v0.0.1
33 verbose git [ 'commit', '-m', 'v0.0.1' ]
34 silly gitTag v0.0.1 git tag %s -m %s
35 verbose git [ 'tag', 'v0.0.1', '-m', 'v0.0.1' ]
36 silly lifecycle No script for "postversion" in "footer", continuing
37 silly lifecycle No script for "postversion" in "header", continuing
38 silly lifecycle No script for "postversion" in "remixapp", continuing
39 silly lifecycle No script for "postversion" in "root", continuing
40 info git Pushing tags...
41 silly gitPush origin main
42 error Error: Command failed with exit code 128: git push --follow-tags --no-verify --atomic origin main
42 error remote: Permission to lerna/getting-started-example.git denied to gurjeetsohal.
42 error fatal: unable to access 'https://github.com/lerna/getting-started-example.git/': The requested URL returned error: 403
42 error     at makeError (/Users/mmt8719/codebase/personal/getting-started-example/node_modules/execa/lib/error.js:59:11)
42 error     at handlePromise (/Users/mmt8719/codebase/personal/getting-started-example/node_modules/execa/index.js:114:26)
